{"contracts/IERC20.sol":{"l":{},"path":"/Users/axelcolliaux/ESGI/Blockchain/TP1/tp1-erc20/contracts/IERC20.sol","s":{},"b":{},"f":{},"fnMap":{},"statementMap":{},"branchMap":{}},"contracts/MyToken.sol":{"l":{"43":2,"44":1,"46":1,"58":11,"59":11,"60":11,"61":11,"63":11,"74":4,"75":1,"78":3,"79":2,"90":3,"91":0,"94":3,"95":3,"97":3,"116":3,"117":0,"120":3,"122":3,"123":2,"124":1,"127":1,"128":1,"132":2,"133":2,"142":1,"147":1,"156":0,"157":0,"160":0,"161":0,"170":5,"172":5,"173":1,"176":4,"177":4,"178":4,"181":4,"188":12,"189":0,"192":12,"193":0,"196":12,"197":12,"199":12,"206":1,"208":1,"209":0,"212":1,"213":1,"214":1,"217":1},"path":"/Users/axelcolliaux/ESGI/Blockchain/TP1/tp1-erc20/contracts/MyToken.sol","s":{"1":2,"2":11,"3":4,"4":3,"5":2,"6":3,"7":3,"8":3,"9":3,"10":3,"11":3,"12":2,"13":2,"14":2,"15":1,"16":1,"17":0,"18":0,"19":5,"20":5,"21":4,"22":12,"23":12,"24":12,"25":1,"26":1,"27":1},"b":{"1":[1,1],"2":[1,3],"3":[0,3],"4":[0,3],"5":[2,1],"6":[1,1],"7":[1,1],"8":[0,0],"9":[0,0],"10":[1,4],"11":[0,12],"12":[0,12],"13":[0,1]},"f":{"1":2,"2":11,"3":4,"4":3,"5":3,"6":1,"7":1,"8":0,"9":5,"10":12,"11":1},"fnMap":{"1":{"name":"onlyOwner","line":42,"loc":{"start":{"line":42,"column":4},"end":{"line":47,"column":4}}},"2":{"name":"constructor","line":50,"loc":{"start":{"line":50,"column":4},"end":{"line":64,"column":4}}},"3":{"name":"transfer","line":67,"loc":{"start":{"line":67,"column":4},"end":{"line":80,"column":4}}},"4":{"name":"approve","line":82,"loc":{"start":{"line":82,"column":4},"end":{"line":98,"column":4}}},"5":{"name":"transferFrom","line":100,"loc":{"start":{"line":100,"column":4},"end":{"line":134,"column":4}}},"6":{"name":"mint","line":140,"loc":{"start":{"line":137,"column":4},"end":{"line":143,"column":4}}},"7":{"name":"burn","line":145,"loc":{"start":{"line":145,"column":4},"end":{"line":148,"column":4}}},"8":{"name":"transferOwnership","line":152,"loc":{"start":{"line":150,"column":4},"end":{"line":162,"column":4}}},"9":{"name":"_transfer","line":165,"loc":{"start":{"line":165,"column":4},"end":{"line":182,"column":4}}},"10":{"name":"_mint","line":184,"loc":{"start":{"line":184,"column":4},"end":{"line":200,"column":4}}},"11":{"name":"_burn","line":202,"loc":{"start":{"line":202,"column":4},"end":{"line":218,"column":4}}}},"statementMap":{"1":{"start":{"line":43,"column":8},"end":{"line":43,"column":1579}},"2":{"start":{"line":63,"column":8},"end":{"line":63,"column":40}},"3":{"start":{"line":74,"column":8},"end":{"line":74,"column":2501}},"4":{"start":{"line":78,"column":8},"end":{"line":78,"column":40}},"5":{"start":{"line":79,"column":8},"end":{"line":79,"column":19}},"6":{"start":{"line":90,"column":8},"end":{"line":90,"column":2941}},"7":{"start":{"line":95,"column":8},"end":{"line":95,"column":50}},"8":{"start":{"line":97,"column":8},"end":{"line":97,"column":19}},"9":{"start":{"line":116,"column":8},"end":{"line":116,"column":3778}},"10":{"start":{"line":120,"column":8},"end":{"line":120,"column":53}},"11":{"start":{"line":122,"column":8},"end":{"line":122,"column":3911}},"12":{"start":{"line":123,"column":12},"end":{"line":123,"column":3963}},"13":{"start":{"line":132,"column":8},"end":{"line":132,"column":34}},"14":{"start":{"line":133,"column":8},"end":{"line":133,"column":19}},"15":{"start":{"line":142,"column":8},"end":{"line":142,"column":24}},"16":{"start":{"line":147,"column":8},"end":{"line":147,"column":32}},"17":{"start":{"line":156,"column":8},"end":{"line":156,"column":4852}},"18":{"start":{"line":160,"column":8},"end":{"line":160,"column":50}},"19":{"start":{"line":170,"column":8},"end":{"line":170,"column":37}},"20":{"start":{"line":172,"column":8},"end":{"line":172,"column":5236}},"21":{"start":{"line":181,"column":8},"end":{"line":181,"column":39}},"22":{"start":{"line":188,"column":8},"end":{"line":188,"column":5568}},"23":{"start":{"line":192,"column":8},"end":{"line":192,"column":5645}},"24":{"start":{"line":199,"column":8},"end":{"line":199,"column":45}},"25":{"start":{"line":206,"column":8},"end":{"line":206,"column":37}},"26":{"start":{"line":208,"column":8},"end":{"line":208,"column":5957}},"27":{"start":{"line":217,"column":8},"end":{"line":217,"column":47}}},"branchMap":{"1":{"line":43,"type":"if","locations":[{"start":{"line":43,"column":8},"end":{"line":43,"column":8}},{"start":{"line":43,"column":8},"end":{"line":43,"column":8}}]},"2":{"line":74,"type":"if","locations":[{"start":{"line":74,"column":8},"end":{"line":74,"column":8}},{"start":{"line":74,"column":8},"end":{"line":74,"column":8}}]},"3":{"line":90,"type":"if","locations":[{"start":{"line":90,"column":8},"end":{"line":90,"column":8}},{"start":{"line":90,"column":8},"end":{"line":90,"column":8}}]},"4":{"line":116,"type":"if","locations":[{"start":{"line":116,"column":8},"end":{"line":116,"column":8}},{"start":{"line":116,"column":8},"end":{"line":116,"column":8}}]},"5":{"line":122,"type":"if","locations":[{"start":{"line":122,"column":8},"end":{"line":122,"column":8}},{"start":{"line":122,"column":8},"end":{"line":122,"column":8}}]},"6":{"line":123,"type":"if","locations":[{"start":{"line":123,"column":12},"end":{"line":123,"column":12}},{"start":{"line":123,"column":12},"end":{"line":123,"column":12}}]},"7":{"line":140,"type":"if","locations":[{"start":{"line":140,"column":15},"end":{"line":140,"column":15}},{"start":{"line":140,"column":15},"end":{"line":140,"column":15}}]},"8":{"line":152,"type":"if","locations":[{"start":{"line":152,"column":15},"end":{"line":152,"column":15}},{"start":{"line":152,"column":15},"end":{"line":152,"column":15}}]},"9":{"line":156,"type":"if","locations":[{"start":{"line":156,"column":8},"end":{"line":156,"column":8}},{"start":{"line":156,"column":8},"end":{"line":156,"column":8}}]},"10":{"line":172,"type":"if","locations":[{"start":{"line":172,"column":8},"end":{"line":172,"column":8}},{"start":{"line":172,"column":8},"end":{"line":172,"column":8}}]},"11":{"line":188,"type":"if","locations":[{"start":{"line":188,"column":8},"end":{"line":188,"column":8}},{"start":{"line":188,"column":8},"end":{"line":188,"column":8}}]},"12":{"line":192,"type":"if","locations":[{"start":{"line":192,"column":8},"end":{"line":192,"column":8}},{"start":{"line":192,"column":8},"end":{"line":192,"column":8}}]},"13":{"line":208,"type":"if","locations":[{"start":{"line":208,"column":8},"end":{"line":208,"column":8}},{"start":{"line":208,"column":8},"end":{"line":208,"column":8}}]}}}}